This file contains any messages produced by compilers while
running configure, to aid debugging if configure makes a mistake.

It was created by configure, which was
generated by GNU Autoconf 2.71.  Invocation command line was

  $ ./configure

## --------- ##
## Platform. ##
## --------- ##

hostname = iPhone-4
uname -m = i686
uname -r = 4.20.69-ish
uname -s = Linux
uname -v = SUPER AWESOME Apr 23 2023 04:40:00

/usr/bin/uname -p = unknown
/bin/uname -X     = unknown

/bin/arch              = i686
/usr/bin/arch -k       = unknown
/usr/convex/getsysinfo = unknown
/usr/bin/hostinfo      = unknown
/bin/machine           = unknown
/usr/bin/oslevel       = unknown
/bin/universe          = unknown

PATH: /sbin/
PATH: /usr/sbin/
PATH: /bin/
PATH: /usr/bin/
PATH: /usr/local/sbin/
PATH: /usr/local/bin/


## ----------- ##
## Core tests. ##
## ----------- ##

configure:2278: looking for aux files: install-sh
configure:2291:  trying ./
configure:2305:   ./install.sh found
configure:2497: checking for gcc
configure:2518: found /usr/bin/gcc
configure:2529: result: gcc
configure:2882: checking for C compiler version
configure:2891: gcc --version >&5
gcc (Alpine 10.3.1_git20210424) 10.3.1 20210424
Copyright (C) 2020 Free Software Foundation, Inc.
This is free software; see the source for copying conditions.  There is NO
warranty; not even for MERCHANTABILITY or FITNESS FOR A PARTICULAR PURPOSE.

configure:2902: $? = 0
configure:2891: gcc -v >&5
Using built-in specs.
COLLECT_GCC=gcc
COLLECT_LTO_WRAPPER=/usr/libexec/gcc/i586-alpine-linux-musl/10.3.1/lto-wrapper
Target: i586-alpine-linux-musl
Configured with: /home/buildozer/aports/main/gcc/src/gcc-10.3.1_git20210424/configure --prefix=/usr --mandir=/usr/share/man --infodir=/usr/share/info --build=i586-alpine-linux-musl --host=i586-alpine-linux-musl --target=i586-alpine-linux-musl --with-pkgversion='Alpine 10.3.1_git20210424' --enable-checking=release --disable-fixed-point --disable-libstdcxx-pch --disable-multilib --disable-nls --disable-werror --disable-symvers --enable-__cxa_atexit --enable-default-pie --enable-default-ssp --enable-cloog-backend --enable-languages=c,c++,d,objc,go,fortran,ada --with-arch=i586 --with-tune=generic --enable-cld --disable-libssp --disable-libmpx --disable-libmudflap --disable-libsanitizer --enable-shared --enable-threads --enable-tls --with-system-zlib --with-linker-hash-style=gnu
Thread model: posix
Supported LTO compression algorithms: zlib
gcc version 10.3.1 20210424 (Alpine 10.3.1_git20210424) 
configure:2902: $? = 0
configure:2891: gcc -V >&5
gcc: error: unrecognized command-line option '-V'
gcc: fatal error: no input files
compilation terminated.
configure:2902: $? = 1
configure:2891: gcc -qversion >&5
gcc: error: unrecognized command-line option '-qversion'; did you mean '--version'?
gcc: fatal error: no input files
compilation terminated.
configure:2902: $? = 1
configure:2891: gcc -version >&5
gcc: error: unrecognized command-line option '-version'
gcc: fatal error: no input files
compilation terminated.
configure:2902: $? = 1
configure:2922: checking whether the C compiler works
configure:2944: gcc    conftest.c  >&5

## ---------------- ##
## Cache variables. ##
## ---------------- ##

