This file contains any messages produced by compilers while
running configure, to aid debugging if configure makes a mistake.

It was created by configure, which was
generated by GNU Autoconf 2.71.  Invocation command line was

  $ ./configure --with-gc

## --------- ##
## Platform. ##
## --------- ##

hostname = neo-c.org
uname -m = x86_64
uname -r = 5.4.0-125-generic
uname -s = Linux
uname -v = #141-Ubuntu SMP Wed Aug 10 13:42:03 UTC 2022

/usr/bin/uname -p = x86_64
/bin/uname -X     = unknown

/bin/arch              = x86_64
/usr/bin/arch -k       = unknown
/usr/convex/getsysinfo = unknown
/usr/bin/hostinfo      = unknown
/bin/machine           = unknown
/usr/bin/oslevel       = unknown
/bin/universe          = unknown

PATH: /usr/local/sbin/
PATH: /usr/local/bin/
PATH: /usr/sbin/
PATH: /usr/bin/
PATH: /sbin/
PATH: /bin/
PATH: /usr/games/
PATH: /usr/local/games/
PATH: /snap/bin/


## ----------- ##
## Core tests. ##
## ----------- ##

configure:2274: looking for aux files: install-sh
configure:2287:  trying ./
configure:2301:   ./install.sh found
configure:2493: checking for gcc
configure:2514: found /usr/bin/gcc
configure:2525: result: gcc
configure:2878: checking for C compiler version
configure:2887: gcc --version >&5
gcc (Ubuntu 9.4.0-1ubuntu1~20.04.1) 9.4.0
Copyright (C) 2019 Free Software Foundation, Inc.
This is free software; see the source for copying conditions.  There is NO
warranty; not even for MERCHANTABILITY or FITNESS FOR A PARTICULAR PURPOSE.

configure:2898: $? = 0
configure:2887: gcc -v >&5
Using built-in specs.
COLLECT_GCC=gcc
COLLECT_LTO_WRAPPER=/usr/lib/gcc/x86_64-linux-gnu/9/lto-wrapper
OFFLOAD_TARGET_NAMES=nvptx-none:hsa
OFFLOAD_TARGET_DEFAULT=1
Target: x86_64-linux-gnu
Configured with: ../src/configure -v --with-pkgversion='Ubuntu 9.4.0-1ubuntu1~20.04.1' --with-bugurl=file:///usr/share/doc/gcc-9/README.Bugs --enable-languages=c,ada,c++,go,brig,d,fortran,objc,obj-c++,gm2 --prefix=/usr --with-gcc-major-version-only --program-suffix=-9 --program-prefix=x86_64-linux-gnu- --enable-shared --enable-linker-build-id --libexecdir=/usr/lib --without-included-gettext --enable-threads=posix --libdir=/usr/lib --enable-nls --enable-clocale=gnu --enable-libstdcxx-debug --enable-libstdcxx-time=yes --with-default-libstdcxx-abi=new --enable-gnu-unique-object --disable-vtable-verify --enable-plugin --enable-default-pie --with-system-zlib --with-target-system-zlib=auto --enable-objc-gc=auto --enable-multiarch --disable-werror --with-arch-32=i686 --with-abi=m64 --with-multilib-list=m32,m64,mx32 --enable-multilib --with-tune=generic --enable-offload-targets=nvptx-none=/build/gcc-9-Av3uEd/gcc-9-9.4.0/debian/tmp-nvptx/usr,hsa --without-cuda-driver --enable-checking=release --build=x86_64-linux-gnu --host=x86_64-linux-gnu --target=x86_64-linux-gnu
Thread model: posix
gcc version 9.4.0 (Ubuntu 9.4.0-1ubuntu1~20.04.1) 
configure:2898: $? = 0
configure:2887: gcc -V >&5
gcc: error: unrecognized command line option '-V'
gcc: fatal error: no input files
compilation terminated.
configure:2898: $? = 1
configure:2887: gcc -qversion >&5
gcc: error: unrecognized command line option '-qversion'; did you mean '--version'?
gcc: fatal error: no input files
compilation terminated.
configure:2898: $? = 1
configure:2887: gcc -version >&5
gcc: error: unrecognized command line option '-version'
gcc: fatal error: no input files
compilation terminated.
configure:2898: $? = 1
configure:2918: checking whether the C compiler works
configure:2940: gcc    conftest.c  >&5
configure:2944: $? = 0
configure:2994: result: yes
configure:2997: checking for C compiler default output file name
configure:2999: result: a.out
configure:3005: checking for suffix of executables
configure:3012: gcc -o conftest    conftest.c  >&5
configure:3016: $? = 0
configure:3039: result: 
configure:3061: checking whether we are cross compiling
configure:3069: gcc -o conftest    conftest.c  >&5
configure:3073: $? = 0
configure:3080: ./conftest
configure:3084: $? = 0
configure:3072: result: no
configure:3077: checking for suffix of object files
configure:3100: gcc -c   conftest.c >&5
configure:3104: $? = 0
configure:3126: result: o
configure:3130: checking whether the compiler supports GNU C
configure:3150: gcc -c   conftest.c >&5
configure:3150: $? = 0
configure:3160: result: yes
configure:3171: checking whether gcc accepts -g
configure:3192: gcc -c -g  conftest.c >&5
configure:3192: $? = 0
configure:3236: result: yes
configure:3256: checking for gcc option to enable C11 features
configure:3271: gcc  -c -g -O2  conftest.c >&5
configure:3271: $? = 0
configure:3289: result: none needed
configure:3415: checking for a BSD-compatible install
configure:3488: result: /usr/bin/install -c
configure:3504: checking for stdio.h
configure:3504: gcc -c -g -O2  conftest.c >&5
configure:3504: $? = 0
configure:3504: result: yes
configure:3504: checking for stdlib.h
configure:3504: gcc -c -g -O2  conftest.c >&5
configure:3504: $? = 0
configure:3504: result: yes
configure:3504: checking for string.h
configure:3504: gcc -c -g -O2  conftest.c >&5
configure:3504: $? = 0
configure:3504: result: yes
configure:3504: checking for inttypes.h
configure:3504: gcc -c -g -O2  conftest.c >&5
configure:3504: $? = 0
configure:3504: result: yes
configure:3504: checking for stdint.h
configure:3504: gcc -c -g -O2  conftest.c >&5
configure:3504: $? = 0
configure:3504: result: yes
configure:3504: checking for strings.h
configure:3504: gcc -c -g -O2  conftest.c >&5
configure:3504: $? = 0
configure:3504: result: yes
configure:3504: checking for sys/stat.h
configure:3504: gcc -c -g -O2  conftest.c >&5
configure:3504: $? = 0
configure:3504: result: yes
configure:3504: checking for sys/types.h
configure:3504: gcc -c -g -O2  conftest.c >&5
configure:3504: $? = 0
configure:3504: result: yes
configure:3504: checking for unistd.h
configure:3504: gcc -c -g -O2  conftest.c >&5
configure:3504: $? = 0
configure:3504: result: yes
configure:3529: checking whether byte ordering is bigendian
configure:3545: gcc -c -g -O2  conftest.c >&5
conftest.c:20:9: error: unknown type name 'not'
   20 |         not a universal capable compiler
      |         ^~~
conftest.c:20:15: error: expected '=', ',', ';', 'asm' or '__attribute__' before 'universal'
   20 |         not a universal capable compiler
      |               ^~~~~~~~~
conftest.c:20:15: error: unknown type name 'universal'
configure:3545: $? = 1
configure: failed program was:
| /* confdefs.h */
| #define PACKAGE_NAME ""
| #define PACKAGE_TARNAME ""
| #define PACKAGE_VERSION ""
| #define PACKAGE_STRING ""
| #define PACKAGE_BUGREPORT ""
| #define PACKAGE_URL ""
| #define HAVE_STDIO_H 1
| #define HAVE_STDLIB_H 1
| #define HAVE_STRING_H 1
| #define HAVE_INTTYPES_H 1
| #define HAVE_STDINT_H 1
| #define HAVE_STRINGS_H 1
| #define HAVE_SYS_STAT_H 1
| #define HAVE_SYS_TYPES_H 1
| #define HAVE_UNISTD_H 1
| #define STDC_HEADERS 1
| /* end confdefs.h.  */
| #ifndef __APPLE_CC__
| 	       not a universal capable compiler
| 	     #endif
| 	     typedef int dummy;
| 
configure:3591: gcc -c -g -O2  conftest.c >&5
configure:3591: $? = 0
configure:3610: gcc -c -g -O2  conftest.c >&5
conftest.c: In function 'main':
conftest.c:26:4: error: unknown type name 'not'; did you mean 'ino_t'?
   26 |    not big endian
      |    ^~~
      |    ino_t
conftest.c:26:12: error: expected '=', ',', ';', 'asm' or '__attribute__' before 'endian'
   26 |    not big endian
      |            ^~~~~~
configure:3610: $? = 1
configure: failed program was:
| /* confdefs.h */
| #define PACKAGE_NAME ""
| #define PACKAGE_TARNAME ""
| #define PACKAGE_VERSION ""
| #define PACKAGE_STRING ""
| #define PACKAGE_BUGREPORT ""
| #define PACKAGE_URL ""
| #define HAVE_STDIO_H 1
| #define HAVE_STDLIB_H 1
| #define HAVE_STRING_H 1
| #define HAVE_INTTYPES_H 1
| #define HAVE_STDINT_H 1
| #define HAVE_STRINGS_H 1
| #define HAVE_SYS_STAT_H 1
| #define HAVE_SYS_TYPES_H 1
| #define HAVE_UNISTD_H 1
| #define STDC_HEADERS 1
| /* end confdefs.h.  */
| #include <sys/types.h>
| 		#include <sys/param.h>
| 
| int
| main (void)
| {
| #if BYTE_ORDER != BIG_ENDIAN
| 		 not big endian
| 		#endif
| 
|   ;
|   return 0;
| }
configure:3744: result: no
configure:3811: checking CPU type
configure:3888: checking Operating System
configure:3931: checking for main in -ldl
configure:3951: clang -o conftest -I.   conftest.c -ldl   >&5
configure:3951: $? = 0
configure:3961: result: yes
configure:3973: checking for math.h
configure:3973: clang -c -I.  conftest.c >&5
configure:3973: $? = 0
configure:3973: result: yes
configure:3980: checking for main in -lm
configure:4000: clang -o conftest -I.   conftest.c -lm   -ldl >&5
configure:4000: $? = 0
configure:4010: result: yes
configure:4018: checking for iconv.h
configure:4018: clang -c -I.  conftest.c >&5
configure:4018: $? = 0
configure:4018: result: yes
configure:4026: checking for pcre.h
configure:4026: clang -c -I.  conftest.c >&5
configure:4026: $? = 0
configure:4026: result: yes
configure:4033: checking for main in -lpcre
configure:4053: clang -o conftest -I.   conftest.c -lpcre   -ldl -lm >&5
configure:4053: $? = 0
configure:4063: result: yes
configure:4074: checking for main in -lgc
configure:4094: clang -o conftest -I.   conftest.c -lgc   -ldl -lm -lpcre >&5
configure:4094: $? = 0
configure:4104: result: yes
configure:4160: checking for ncurses.h
configure:4160: clang -c -I.  conftest.c >&5
configure:4160: $? = 0
configure:4160: result: yes
configure:4167: checking for main in -lncursesw
configure:4187: clang -o conftest -I.   conftest.c -lncursesw   -ldl -lm -lpcre -lgc >&5
configure:4187: $? = 0
configure:4197: result: yes
configure:4206: checking for readline/readline.h
configure:4206: clang -c -I.  conftest.c >&5
configure:4206: $? = 0
configure:4206: result: yes
configure:4213: checking for main in -lreadline
configure:4233: clang -o conftest -I.   conftest.c -lreadline   -ldl -lm -lpcre -lgc -lncursesw >&5
configure:4233: $? = 0
configure:4243: result: yes
configure:4252: checking for main in -lrt
configure:4272: clang -o conftest -I.   conftest.c -lrt   -ldl -lm -lpcre -lgc -lncursesw -lreadline >&5
configure:4272: $? = 0
configure:4282: result: yes
configure:4291: checking for pthread.h
configure:4291: clang -c -I.  conftest.c >&5
configure:4291: $? = 0
configure:4291: result: yes
configure:4298: checking for main in -lpthread
configure:4318: clang -o conftest -I.   conftest.c -lpthread   -ldl -lm -lpcre -lgc -lncursesw -lreadline -lrt >&5
configure:4318: $? = 0
configure:4328: result: yes
configure:4348: checking for lchmod
configure:4348: clang -o conftest -I.   conftest.c  -ldl -lm -lpcre -lgc -lncursesw -lreadline -lrt -lpthread >&5
conftest.c:48:1: error: unknown type name 'choke'
choke me
^
conftest.c:48:9: error: expected ';' after top level declarator
choke me
        ^
        ;
2 errors generated.
configure:4348: $? = 1
configure: failed program was:
| /* confdefs.h */
| #define PACKAGE_NAME ""
| #define PACKAGE_TARNAME ""
| #define PACKAGE_VERSION ""
| #define PACKAGE_STRING ""
| #define PACKAGE_BUGREPORT ""
| #define PACKAGE_URL ""
| #define HAVE_STDIO_H 1
| #define HAVE_STDLIB_H 1
| #define HAVE_STRING_H 1
| #define HAVE_INTTYPES_H 1
| #define HAVE_STDINT_H 1
| #define HAVE_STRINGS_H 1
| #define HAVE_SYS_STAT_H 1
| #define HAVE_SYS_TYPES_H 1
| #define HAVE_UNISTD_H 1
| #define STDC_HEADERS 1
| #define __64BIT_CPU__ 1
| #define __X86_64__ 1
| #define HAVE_MATH_H 1
| #define HAVE_ICONV_H 1
| #define HAVE_PCRE_H 1
| #define HAVE_NCURSESW_H 1
| #define HAVE_READLINE_H 1
| #define HAVE_PTHREAD_H 1
| /* end confdefs.h.  */
| /* Define lchmod to an innocuous variant, in case <limits.h> declares lchmod.
|    For example, HP-UX 11i <limits.h> declares gettimeofday.  */
| #define lchmod innocuous_lchmod
| 
| /* System header to define __stub macros and hopefully few prototypes,
|    which can conflict with char lchmod (); below.  */
| 
| #include <limits.h>
| #undef lchmod
| 
| /* Override any GCC internal prototype to avoid an error.
|    Use char because int might match the return type of a GCC
|    builtin and then its argument prototype would still apply.  */
| #ifdef __cplusplus
| extern "C"
| #endif
| char lchmod ();
| /* The GNU C library defines this for functions which it implements
|     to always fail with ENOSYS.  Some functions are actually named
|     something starting with __ and the normal name is an alias.  */
| #if defined __stub_lchmod || defined __stub___lchmod
| choke me
| #endif
| 
| int
| main (void)
| {
| return lchmod ();
|   ;
|   return 0;
| }
configure:4348: result: no
configure:4355: checking for execvpe
configure:4355: clang -o conftest -I.   conftest.c  -ldl -lm -lpcre -lgc -lncursesw -lreadline -lrt -lpthread >&5
configure:4355: $? = 0
configure:4355: result: yes
configure:4474: creating ./config.status

## ---------------------- ##
## Running config.status. ##
## ---------------------- ##

This file was extended by config.status, which was
generated by GNU Autoconf 2.71.  Invocation command line was

  CONFIG_FILES    = 
  CONFIG_HEADERS  = 
  CONFIG_LINKS    = 
  CONFIG_COMMANDS = 
  $ ./config.status 

on neo-c.org

config.status:801: creating Makefile
config.status:801: creating config.h
config.status:976: config.h is unchanged

## ---------------- ##
## Cache variables. ##
## ---------------- ##

ac_cv_c_bigendian=no
ac_cv_c_compiler_gnu=yes
ac_cv_env_CC_set=
ac_cv_env_CC_value=
ac_cv_env_CFLAGS_set=
ac_cv_env_CFLAGS_value=
ac_cv_env_CPPFLAGS_set=
ac_cv_env_CPPFLAGS_value=
ac_cv_env_LDFLAGS_set=
ac_cv_env_LDFLAGS_value=
ac_cv_env_LIBS_set=
ac_cv_env_LIBS_value=
ac_cv_env_build_alias_set=
ac_cv_env_build_alias_value=
ac_cv_env_host_alias_set=
ac_cv_env_host_alias_value=
ac_cv_env_target_alias_set=
ac_cv_env_target_alias_value=
ac_cv_func_execvpe=yes
ac_cv_func_lchmod=no
ac_cv_header_iconv_h=yes
ac_cv_header_inttypes_h=yes
ac_cv_header_math_h=yes
ac_cv_header_ncurses_h=yes
ac_cv_header_pcre_h=yes
ac_cv_header_pthread_h=yes
ac_cv_header_readline_readline_h=yes
ac_cv_header_stdint_h=yes
ac_cv_header_stdio_h=yes
ac_cv_header_stdlib_h=yes
ac_cv_header_string_h=yes
ac_cv_header_strings_h=yes
ac_cv_header_sys_stat_h=yes
ac_cv_header_sys_types_h=yes
ac_cv_header_unistd_h=yes
ac_cv_lib_dl=ac_cv_lib_dl_main
ac_cv_lib_dl_main=yes
ac_cv_lib_gc=ac_cv_lib_gc_main
ac_cv_lib_gc_main=yes
ac_cv_lib_m=ac_cv_lib_m_main
ac_cv_lib_m_main=yes
ac_cv_lib_ncursesw=ac_cv_lib_ncursesw_main
ac_cv_lib_ncursesw_main=yes
ac_cv_lib_pcre=ac_cv_lib_pcre_main
ac_cv_lib_pcre_main=yes
ac_cv_lib_pthread=ac_cv_lib_pthread_main
ac_cv_lib_pthread_main=yes
ac_cv_lib_readline=ac_cv_lib_readline_main
ac_cv_lib_readline_main=yes
ac_cv_lib_rt=ac_cv_lib_rt_main
ac_cv_lib_rt_main=yes
ac_cv_objext=o
ac_cv_path_install='/usr/bin/install -c'
ac_cv_prog_ac_ct_CC=gcc
ac_cv_prog_cc_c11=
ac_cv_prog_cc_g=yes
ac_cv_prog_cc_stdc=

## ----------------- ##
## Output variables. ##
## ----------------- ##

CC='clang'
CFLAGS='-I.'
CPPFLAGS=''
DEFS='-DHAVE_CONFIG_H'
DESTDIR='/usr/local'
ECHO_C=''
ECHO_N='-n'
ECHO_T=''
EXEEXT=''
INSTALL_DATA='${INSTALL} -m 644'
INSTALL_PROGRAM='${INSTALL}'
INSTALL_SCRIPT='${INSTALL}'
LDFLAGS=''
LIBOBJS=''
LIBS=' -ldl -lm -lpcre -lgc -lncursesw -lreadline -lrt -lpthread'
LTLIBOBJS=''
NCC=''
NCFLAGS=' -gc'
OBJEXT='o'
OS=''
PACKAGE_BUGREPORT=''
PACKAGE_NAME=''
PACKAGE_STRING=''
PACKAGE_TARNAME=''
PACKAGE_URL=''
PACKAGE_VERSION=''
PATH_SEPARATOR=':'
SHELL='/bin/bash'
ac_ct_CC='gcc'
bindir='${exec_prefix}/bin'
build_alias=''
datadir='${datarootdir}'
datarootdir='${prefix}/share'
docdir='${datarootdir}/doc/${PACKAGE}'
dvidir='${docdir}'
exec_prefix='${prefix}'
host_alias=''
htmldir='${docdir}'
includedir='${prefix}/include'
infodir='${datarootdir}/info'
libdir='${exec_prefix}/lib'
libexecdir='${exec_prefix}/libexec'
localedir='${datarootdir}/locale'
localstatedir='${prefix}/var'
mandir='${datarootdir}/man'
oldincludedir='/usr/include'
pdfdir='${docdir}'
prefix='/usr/local'
program_transform_name='s,x,x,'
psdir='${docdir}'
runstatedir='${localstatedir}/run'
sbindir='${exec_prefix}/sbin'
sharedstatedir='${prefix}/com'
sysconfdir='${prefix}/etc'
target_alias=''

## ----------- ##
## confdefs.h. ##
## ----------- ##

/* confdefs.h */
#define PACKAGE_NAME ""
#define PACKAGE_TARNAME ""
#define PACKAGE_VERSION ""
#define PACKAGE_STRING ""
#define PACKAGE_BUGREPORT ""
#define PACKAGE_URL ""
#define HAVE_STDIO_H 1
#define HAVE_STDLIB_H 1
#define HAVE_STRING_H 1
#define HAVE_INTTYPES_H 1
#define HAVE_STDINT_H 1
#define HAVE_STRINGS_H 1
#define HAVE_SYS_STAT_H 1
#define HAVE_SYS_TYPES_H 1
#define HAVE_UNISTD_H 1
#define STDC_HEADERS 1
#define __64BIT_CPU__ 1
#define __X86_64__ 1
#define HAVE_MATH_H 1
#define HAVE_ICONV_H 1
#define HAVE_PCRE_H 1
#define HAVE_NCURSESW_H 1
#define HAVE_READLINE_H 1
#define HAVE_PTHREAD_H 1
#define HAVE_EXECVPE 1

configure: exit 0
